Построение начато 11.11.2022 12:28:02.
     1>Проект "C:\Users\student\Desktop\lab3.1\lab3.2\lab3.2\lab3.2.vcxproj" в узле 2 (целевые объекты build).
     1>InitializeBuildStatus:
         Создание "Release\lab3.2.unsuccessfulbuild", так как было задано "AlwaysCreate".
       ClCompile:
         Для всех выходных данных обновления не требуется.
         C:\Program Files (x86)\Microsoft Visual Studio 10.0\VC\bin\CL.exe /c /Zi /nologo /W3 /WX- /O2 /Oi /Oy- /GL /D WIN32 /D NDEBUG /D _CONSOLE /D _UNICODE /D UNICODE /Gm- /EHsc /MD /GS /Gy /fp:precise /Zc:wchar_t /Zc:forScope /Yu"StdAfx.h" /Fp"Release\lab3.2.pch" /Fo"Release\\" /Fd"Release\vc100.pdb" /Gd /TP /analyze- /errorReport:prompt lab3.2.cpp
         lab3.2.cpp
       Link:
         C:\Program Files (x86)\Microsoft Visual Studio 10.0\VC\bin\link.exe /ERRORREPORT:PROMPT /OUT:"C:\Users\student\Desktop\lab3.1\lab3.2\Release\lab3.2.exe" /INCREMENTAL:NO /NOLOGO kernel32.lib user32.lib gdi32.lib winspool.lib comdlg32.lib advapi32.lib shell32.lib ole32.lib oleaut32.lib uuid.lib odbc32.lib odbccp32.lib /MANIFEST /ManifestFile:"Release\lab3.2.exe.intermediate.manifest" /MANIFESTUAC:"level='asInvoker' uiAccess='false'" /DEBUG /PDB:"C:\Users\student\Desktop\lab3.1\lab3.2\Release\lab3.2.pdb" /SUBSYSTEM:CONSOLE /OPT:REF /OPT:ICF /LTCG /TLBID:1 /DYNAMICBASE /NXCOMPAT /IMPLIB:"C:\Users\student\Desktop\lab3.1\lab3.2\Release\lab3.2.lib" /MACHINE:X86 Release\lab3.2.obj
         Release\stdafx.obj
         Создание кода
         Создание кода завершено
         lab3.2.vcxproj -> C:\Users\student\Desktop\lab3.1\lab3.2\Release\lab3.2.exe
       Manifest:
         C:\Program Files (x86)\Microsoft SDKs\Windows\v7.0A\bin\mt.exe /nologo /verbose /outputresource:"C:\Users\student\Desktop\lab3.1\lab3.2\Release\lab3.2.exe;#1" /manifest Release\lab3.2.exe.intermediate.manifest
       FinalizeBuildStatus:
         Файл "Release\lab3.2.unsuccessfulbuild" удаляется.
         Обращение к "Release\lab3.2.lastbuildstate".
     1>Построение проекта "C:\Users\student\Desktop\lab3.1\lab3.2\lab3.2\lab3.2.vcxproj" завершено (целевые объекты build).

Построение успешно завершено.

Затраченное время: 00:00:01.06
